<?xml version="1.0" encoding="UTF-8"?>
<testsuite xmlns:xsi="http://www.w3.org/2001/XMLSchema-instance" xsi:noNamespaceSchemaLocation="https://maven.apache.org/surefire/maven-surefire-plugin/xsd/surefire-test-report.xsd" version="3.0.2" name="com.abdulmunim.apik8s.Apik8sApplicationTests" time="13.271" tests="1" errors="0" skipped="0" failures="0">
  <properties>
[...]
</properties>
  <testcase name="contextLoads" classname="com.abdulmunim.apik8s.Apik8sApplicationTests" time="0.802">
    <system-out><![CDATA[14:41:30.401 [main] INFO org.springframework.test.context.support.AnnotationConfigContextLoaderUtils -- Could not detect default configuration classes for test class [com.abdulmunim.apik8s.Apik8sApplicationTests]: Apik8sApplicationTests does not declare any static, non-private, non-final, nested classes annotated with @Configuration.
14:41:30.652 [main] INFO org.springframework.boot.test.context.SpringBootTestContextBootstrapper -- Found @SpringBootConfiguration com.abdulmunim.apik8s.Apik8sApplication for test class com.abdulmunim.apik8s.Apik8sApplicationTests

  .   ____          _            __ _ _
 /\\ / ___'_ __ _ _(_)_ __  __ _ \ \ \ \
( ( )\___ | '_ | '_| | '_ \/ _` | \ \ \ \
 \\/  ___)| |_)| | | | | || (_| |  ) ) ) )
  '  |____| .__|_| |_|_| |_\__, | / / / /
 =========|_|==============|___/=/_/_/_/

 :: Spring Boot ::                (v3.5.5)

2025-09-14T14:41:31.532+03:00  INFO 41120 --- [apik8s] [           main] c.a.apik8s.Apik8sApplicationTests        : Starting Apik8sApplicationTests using Java 24.0.2 with PID 41120 (started by L??!31yb in D:\MyLearning\SpringBoot\apik8s)
2025-09-14T14:41:31.537+03:00  INFO 41120 --- [apik8s] [           main] c.a.apik8s.Apik8sApplicationTests        : No active profile set, falling back to 1 default profile: "default"
2025-09-14T14:41:33.220+03:00  INFO 41120 --- [apik8s] [           main] .s.d.r.c.RepositoryConfigurationDelegate : Bootstrapping Spring Data JPA repositories in DEFAULT mode.
2025-09-14T14:41:33.352+03:00  INFO 41120 --- [apik8s] [           main] .s.d.r.c.RepositoryConfigurationDelegate : Finished Spring Data repository scanning in 108 ms. Found 1 JPA repository interface.
2025-09-14T14:41:34.221+03:00  INFO 41120 --- [apik8s] [           main] o.hibernate.jpa.internal.util.LogHelper  : HHH000204: Processing PersistenceUnitInfo [name: default]
2025-09-14T14:41:34.392+03:00  INFO 41120 --- [apik8s] [           main] org.hibernate.Version                    : HHH000412: Hibernate ORM core version 6.6.26.Final
2025-09-14T14:41:34.485+03:00  INFO 41120 --- [apik8s] [           main] o.h.c.internal.RegionFactoryInitiator    : HHH000026: Second-level cache disabled
2025-09-14T14:41:35.191+03:00  INFO 41120 --- [apik8s] [           main] o.s.o.j.p.SpringPersistenceUnitInfo      : No LoadTimeWeaver setup: ignoring JPA class transformer
2025-09-14T14:41:35.249+03:00  INFO 41120 --- [apik8s] [           main] com.zaxxer.hikari.HikariDataSource       : HikariPool-1 - Starting...
2025-09-14T14:41:35.690+03:00  INFO 41120 --- [apik8s] [           main] com.zaxxer.hikari.pool.HikariPool        : HikariPool-1 - Added connection org.postgresql.jdbc.PgConnection@57b1ec84
2025-09-14T14:41:35.695+03:00  INFO 41120 --- [apik8s] [           main] com.zaxxer.hikari.HikariDataSource       : HikariPool-1 - Start completed.
2025-09-14T14:41:35.928+03:00  INFO 41120 --- [apik8s] [           main] org.hibernate.orm.connections.pooling    : HHH10001005: Database info:
	Database JDBC URL [Connecting through datasource 'HikariDataSource (HikariPool-1)']
	Database driver: undefined/unknown
	Database version: 17.5
	Autocommit mode: undefined/unknown
	Isolation level: undefined/unknown
	Minimum pool size: undefined/unknown
	Maximum pool size: undefined/unknown
2025-09-14T14:41:37.998+03:00  INFO 41120 --- [apik8s] [           main] o.h.e.t.j.p.i.JtaPlatformInitiator       : HHH000489: No JTA platform available (set 'hibernate.transaction.jta.platform' to enable JTA platform integration)
2025-09-14T14:41:38.224+03:00  INFO 41120 --- [apik8s] [           main] j.LocalContainerEntityManagerFactoryBean : Initialized JPA EntityManagerFactory for persistence unit 'default'
2025-09-14T14:41:39.206+03:00  INFO 41120 --- [apik8s] [           main] o.s.d.j.r.query.QueryEnhancerFactory     : Hibernate is in classpath; If applicable, HQL parser will be used.
2025-09-14T14:41:41.234+03:00  WARN 41120 --- [apik8s] [           main] JpaBaseConfiguration$JpaWebConfiguration : spring.jpa.open-in-view is enabled by default. Therefore, database queries may be performed during view rendering. Explicitly configure spring.jpa.open-in-view to disable this warning
2025-09-14T14:41:42.538+03:00  INFO 41120 --- [apik8s] [           main] c.a.apik8s.Apik8sApplicationTests        : Started Apik8sApplicationTests in 11.628 seconds (process running for 13.673)
]]></system-out>
    <system-err><![CDATA[Mockito is currently self-attaching to enable the inline-mock-maker. This will no longer work in future releases of the JDK. Please add Mockito as an agent to your build as described in Mockito's documentation: https://javadoc.io/doc/org.mockito/mockito-core/latest/org.mockito/org/mockito/Mockito.html#0.3
WARNING: A Java agent has been loaded dynamically (C:\Users\abdul\.m2\repository\net\bytebuddy\byte-buddy-agent\1.17.7\byte-buddy-agent-1.17.7.jar)
WARNING: If a serviceability tool is in use, please run with -XX:+EnableDynamicAgentLoading to hide this warning
WARNING: If a serviceability tool is not in use, please run with -Djdk.instrument.traceUsage for more information
WARNING: Dynamic loading of agents will be disallowed by default in a future release
]]></system-err>
  </testcase>
</testsuite>